  [1m[36m (175.9ms)[0m  [1mCREATE TABLE "schema_migrations" ("version" varchar(255) NOT NULL) [0m
  [1m[35m (131.6ms)[0m  CREATE UNIQUE INDEX "unique_schema_migrations" ON "schema_migrations" ("version")
  [1m[36mActiveRecord::SchemaMigration Load (0.2ms)[0m  [1mSELECT "schema_migrations".* FROM "schema_migrations"[0m
Migrating to CreatePhrasingPhrases (20131120000855)
  [1m[35m (0.1ms)[0m  begin transaction
  [1m[36m (0.3ms)[0m  [1mCREATE TABLE "phrasing_phrases" ("id" INTEGER PRIMARY KEY AUTOINCREMENT NOT NULL, "locale" varchar(255), "key" varchar(255), "value" text, "created_at" datetime, "updated_at" datetime) [0m
  [1m[35mSQL (0.2ms)[0m  INSERT INTO "schema_migrations" ("version") VALUES (?)  [["version", "20131120000855"]]
  [1m[36m (163.4ms)[0m  [1mcommit transaction[0m
Migrating to CreatePhrasingPhraseVersions (20131120000856)
  [1m[35m (0.3ms)[0m  begin transaction
  [1m[36m (0.8ms)[0m  [1mCREATE TABLE "phrasing_phrase_versions" ("id" INTEGER PRIMARY KEY AUTOINCREMENT NOT NULL, "phrasing_phrase_id" varchar(255), "value" text, "created_at" datetime, "updated_at" datetime) [0m
  [1m[35mSQL (0.3ms)[0m  INSERT INTO "schema_migrations" ("version") VALUES (?)  [["version", "20131120000856"]]
  [1m[36m (175.3ms)[0m  [1mcommit transaction[0m
  [1m[35mActiveRecord::SchemaMigration Load (0.2ms)[0m  SELECT "schema_migrations".* FROM "schema_migrations"
  [1m[36mActiveRecord::SchemaMigration Load (0.1ms)[0m  [1mSELECT "schema_migrations".* FROM "schema_migrations"[0m
  [1m[35mActiveRecord::SchemaMigration Load (0.1ms)[0m  SELECT "schema_migrations".* FROM "schema_migrations"
  [1m[36mActiveRecord::SchemaMigration Load (0.1ms)[0m  [1mSELECT "schema_migrations".* FROM "schema_migrations"[0m
  [1m[35mActiveRecord::SchemaMigration Load (0.1ms)[0m  SELECT "schema_migrations".* FROM "schema_migrations"
  [1m[36m (161.0ms)[0m  [1mCREATE TABLE "phrasing_phrase_versions" ("id" INTEGER PRIMARY KEY AUTOINCREMENT NOT NULL, "phrasing_phrase_id" varchar(255), "value" text, "created_at" datetime, "updated_at" datetime) [0m
  [1m[35m (115.5ms)[0m  CREATE TABLE "phrasing_phrases" ("id" INTEGER PRIMARY KEY AUTOINCREMENT NOT NULL, "locale" varchar(255), "key" varchar(255), "value" text, "created_at" datetime, "updated_at" datetime) 
  [1m[36m (164.6ms)[0m  [1mCREATE TABLE "schema_migrations" ("version" varchar(255) NOT NULL) [0m
  [1m[35m (148.4ms)[0m  CREATE UNIQUE INDEX "unique_schema_migrations" ON "schema_migrations" ("version")
  [1m[36m (0.3ms)[0m  [1mSELECT version FROM "schema_migrations"[0m
  [1m[35m (133.3ms)[0m  INSERT INTO "schema_migrations" (version) VALUES ('20131120000856')
  [1m[36m (124.3ms)[0m  [1mINSERT INTO "schema_migrations" (version) VALUES ('20131120000855')[0m
  [1m[36mPhrasingPhrase Load (0.1ms)[0m  [1mSELECT "phrasing_phrases".* FROM "phrasing_phrases" WHERE "phrasing_phrases"."key" = 'a' AND "phrasing_phrases"."locale" = 'b'[0m
